[handleMsg]:  {
  key: {
    remoteJid: '51996622623@s.whatsapp.net',
    fromMe: false,
    id: '3EB0C3FBA24175B51DD3D1',
    participant: undefined
  },
  messageTimestamp: 1683416812,
  pushName: 'Parrilladas Rodriguez',
  message: Message {
    conversation: 'Hey',
    messageContextInfo: MessageContextInfo {
      deviceListMetadata: [DeviceListMetadata],
      deviceListMetadataVersion: 2
    }
  },
  body: 'Hey',
  from: '51996622623'
}
[handleMsg]:  {
  key: {
    remoteJid: '51996622623@s.whatsapp.net',
    fromMe: false,
    id: '3EB0E4C4E001056E5F7DD8',
    participant: undefined
  },
  messageTimestamp: 1683416815,
  pushName: 'Parrilladas Rodriguez',
  message: Message {
    conversation: '2',
    messageContextInfo: MessageContextInfo {
      deviceListMetadata: [DeviceListMetadata],
      deviceListMetadataVersion: 2
    }
  },
  body: '2',
  from: '51996622623'
}
[handleMsg]:  {
  key: {
    remoteJid: '51996622623@s.whatsapp.net',
    fromMe: false,
    id: '3EB0248778A6764536BDD1',
    participant: undefined
  },
  messageTimestamp: 1683416820,
  pushName: 'Parrilladas Rodriguez',
  message: Message {
    conversation: 'Ger',
    messageContextInfo: MessageContextInfo {
      deviceListMetadata: [DeviceListMetadata],
      deviceListMetadataVersion: 2
    }
  },
  body: 'Ger',
  from: '51996622623'
}
[handleMsg]:  {
  key: {
    remoteJid: '51996622623@s.whatsapp.net',
    fromMe: false,
    id: '3EB04B6D305408A1A1C6F8',
    participant: undefined
  },
  messageTimestamp: 1683416847,
  pushName: 'Parrilladas Rodriguez',
  message: Message {
    conversation: 'Gerardo Rodriguez',
    messageContextInfo: MessageContextInfo {
      deviceListMetadata: [DeviceListMetadata],
      deviceListMetadataVersion: 2
    }
  },
  body: 'Gerardo Rodriguez',
  from: '51996622623'
}
[handleMsg]:  {
  key: {
    remoteJid: '51996622623@s.whatsapp.net',
    fromMe: false,
    id: '3EB0545E6179FB26CA8330',
    participant: undefined
  },
  messageTimestamp: 1683416859,
  pushName: 'Parrilladas Rodriguez',
  message: Message {
    conversation: 'Necesito un alisado de pelo',
    messageContextInfo: MessageContextInfo {
      deviceListMetadata: [DeviceListMetadata],
      deviceListMetadataVersion: 2
    }
  },
  body: 'Necesito un alisado de pelo',
  from: '51996622623'
}
[handleMsg]:  {
  key: {
    remoteJid: '51996622623@s.whatsapp.net',
    fromMe: false,
    id: '3EB0B2B54EDEB681D33FB8',
    participant: undefined
  },
  messageTimestamp: 1683416868,
  pushName: 'Parrilladas Rodriguez',
  message: Message {
    conversation: '23/10/20',
    messageContextInfo: MessageContextInfo {
      deviceListMetadata: [DeviceListMetadata],
      deviceListMetadataVersion: 2
    }
  },
  body: '23/10/20',
  from: '51996622623'
}
[handleMsg]:  {
  key: {
    remoteJid: '51996622623@s.whatsapp.net',
    fromMe: false,
    id: '3EB031A9F2970160FB717D',
    participant: undefined
  },
  messageTimestamp: 1683416880,
  pushName: 'Parrilladas Rodriguez',
  message: Message {
    conversation: 'Gracias',
    messageContextInfo: MessageContextInfo {
      deviceListMetadata: [DeviceListMetadata],
      deviceListMetadataVersion: 2
    }
  },
  body: 'Gracias',
  from: '51996622623'
}
